<?xml version="1.0" encoding="UTF-8"?>
<testsuite xmlns:xsi="http://www.w3.org/2001/XMLSchema-instance" xsi:noNamespaceSchemaLocation="https://maven.apache.org/surefire/maven-surefire-plugin/xsd/surefire-test-report.xsd" name="mao.elasticsearch_query_document_data.ElasticSearchTest" time="5.087" tests="2" errors="0" skipped="0" failures="0">
  <properties>
[...]
</properties>
  <testcase name="query_async" classname="mao.elasticsearch_query_document_data.ElasticSearchTest" time="5.06"/>
  <testcase name="query" classname="mao.elasticsearch_query_document_data.ElasticSearchTest" time="0.017"/>
</testsuite>